
Generating Synthetic Multi-Channel EEG Data V4 (3 channels, 256 timesteps)...
Scaling data per channel...
Scaling complete.
EEG Data Shapes: Train=(700, 3, 256), Val=(150, 3, 256), Test=(150, 3, 256)

Generating Synthetic Multi-Channel EEG Data V4 (3 channels, 256 timesteps)...
Scaling data per channel...
Scaling complete.
EEG Data Shapes: Train=(700, 3, 256), Val=(150, 3, 256), Test=(150, 3, 256)
SNN V2 Initialized: Input: 768, HiddenSizes: 576/384/192, Output: 2
FENS V4 (MLP) Initialized: FFT Features/Ch: ~32, Hidden: 192, Est. Total FC Input: 96
SCOFNA V4 Initialized: FFT Features/Ch: ~32, SpatialAttn: False, ConvFilters: 48/96, Hidden: 192, Est. Total FC Input: 96, Residuals: True
✅ Model compiled for maximum speed
Epoch 10: TrainLoss=0.5442 ValLoss=0.6617 ValAcc=0.6500
Epoch 20: TrainLoss=0.2563 ValLoss=0.5760 ValAcc=0.6800
Epoch 30: TrainLoss=0.1019 ValLoss=0.5088 ValAcc=0.7200
Epoch 40: TrainLoss=0.0348 ValLoss=0.4873 ValAcc=0.7400
Epoch 50: TrainLoss=0.0212 ValLoss=0.4401 ValAcc=0.7700
Epoch 60: TrainLoss=0.0216 ValLoss=0.4086 ValAcc=0.8100
Epoch 70: TrainLoss=0.0173 ValLoss=0.4217 ValAcc=0.8200
Epoch 80: TrainLoss=0.0146 ValLoss=0.4166 ValAcc=0.8300
Epoch 90: TrainLoss=0.0131 ValLoss=0.4125 ValAcc=0.8300
Epoch 100: TrainLoss=0.0129 ValLoss=0.4124 ValAcc=0.8300

--- Evaluation: OptimizedModule ---
Test Accuracy: 0.8400
Test RMSE: 0.4000
Test MAE: 0.1600
✅ Model compiled for maximum speed
Initialized/Resized FFTLayer frequency weights to size: 129
Epoch 10: TrainLoss=0.6492 ValLoss=0.6385 ValAcc=0.5680
Epoch 20: TrainLoss=0.5322 ValLoss=0.5631 ValAcc=0.6100
Epoch 30: TrainLoss=0.4716 ValLoss=0.4808 ValAcc=0.7840
Epoch 40: TrainLoss=0.4145 ValLoss=0.4129 ValAcc=0.8780
Epoch 50: TrainLoss=0.3708 ValLoss=0.3627 ValAcc=0.9220
Epoch 60: TrainLoss=0.3413 ValLoss=0.3278 ValAcc=0.9380
Epoch 70: TrainLoss=0.3318 ValLoss=0.3074 ValAcc=0.9460
Epoch 80: TrainLoss=0.3221 ValLoss=0.2962 ValAcc=0.9500
Epoch 90: TrainLoss=0.3234 ValLoss=0.2913 ValAcc=0.9520
Epoch 100: TrainLoss=0.3258 ValLoss=0.2896 ValAcc=0.9540

--- Evaluation: OptimizedModule ---
Test Accuracy: 0.9220
Test RMSE: 0.2793
Test MAE: 0.0780
✅ Model compiled for maximum speed
Initialized/Resized FFTLayer frequency weights to size: 129
Epoch 10: TrainLoss=0.5403 ValLoss=0.6868 ValAcc=0.5280
Epoch 20: TrainLoss=0.4521 ValLoss=0.6941 ValAcc=0.5000
Epoch 30: TrainLoss=0.3925 ValLoss=0.6660 ValAcc=0.5520
Epoch 40: TrainLoss=0.3533 ValLoss=0.5028 ValAcc=0.7240
Epoch 50: TrainLoss=0.3399 ValLoss=0.3744 ValAcc=0.8480
Epoch 60: TrainLoss=0.3159 ValLoss=0.3152 ValAcc=0.8920
Epoch 70: TrainLoss=0.2917 ValLoss=0.2902 ValAcc=0.9040
Epoch 80: TrainLoss=0.2983 ValLoss=0.2779 ValAcc=0.9020
Epoch 90: TrainLoss=0.2910 ValLoss=0.2717 ValAcc=0.9080
Epoch 100: TrainLoss=0.2716 ValLoss=0.2688 ValAcc=0.9100

--- Evaluation: OptimizedModule ---
Test Accuracy: 0.8220
Test RMSE: 0.4219
Test MAE: 0.1780
/home/zoy/Desktop/Pracres/main.py:868: UserWarning: No artists with labels found to put in legend.  Note that artists whose label start with an underscore are ignored when legend() is called with no argument.
  plt.legend()
✅ Saved comparison plot: /home/zoy/Desktop/Pracres/results/20250625_212510/EEG/comparison_metrics/EEG_run1_fold1_comparison_metrics.png
SNN V2 Initialized: Input: 768, HiddenSizes: 576/384/192, Output: 2
FENS V4 (MLP) Initialized: FFT Features/Ch: ~32, Hidden: 192, Est. Total FC Input: 96
SCOFNA V4 Initialized: FFT Features/Ch: ~32, SpatialAttn: False, ConvFilters: 48/96, Hidden: 192, Est. Total FC Input: 96, Residuals: True
✅ Model compiled for maximum speed
Epoch 10: TrainLoss=0.4718 ValLoss=0.6598 ValAcc=0.6900
Epoch 20: TrainLoss=0.2189 ValLoss=0.5881 ValAcc=0.6600
Epoch 30: TrainLoss=0.0788 ValLoss=0.5543 ValAcc=0.6800
Epoch 40: TrainLoss=0.0316 ValLoss=0.5094 ValAcc=0.7500
Epoch 50: TrainLoss=0.0198 ValLoss=0.4803 ValAcc=0.7700
Epoch 60: TrainLoss=0.0152 ValLoss=0.4662 ValAcc=0.7700
Epoch 70: TrainLoss=0.0160 ValLoss=0.4508 ValAcc=0.7800
Epoch 80: TrainLoss=0.0123 ValLoss=0.4416 ValAcc=0.7900
Epoch 90: TrainLoss=0.0149 ValLoss=0.4393 ValAcc=0.7900
Epoch 100: TrainLoss=0.0122 ValLoss=0.4394 ValAcc=0.7900

--- Evaluation: OptimizedModule ---
Test Accuracy: 0.8120
Test RMSE: 0.4336
Test MAE: 0.1880
✅ Model compiled for maximum speed
Initialized/Resized FFTLayer frequency weights to size: 129
Epoch 10: TrainLoss=0.6359 ValLoss=0.6151 ValAcc=0.5900
Epoch 20: TrainLoss=0.5291 ValLoss=0.5566 ValAcc=0.6180
Epoch 30: TrainLoss=0.4723 ValLoss=0.4813 ValAcc=0.7500
Epoch 40: TrainLoss=0.3920 ValLoss=0.4141 ValAcc=0.8820
Epoch 50: TrainLoss=0.3719 ValLoss=0.3583 ValAcc=0.9240
Epoch 60: TrainLoss=0.3245 ValLoss=0.3216 ValAcc=0.9380
Epoch 70: TrainLoss=0.3034 ValLoss=0.2993 ValAcc=0.9460
Epoch 80: TrainLoss=0.2995 ValLoss=0.2863 ValAcc=0.9520
Epoch 90: TrainLoss=0.2982 ValLoss=0.2799 ValAcc=0.9540
Epoch 100: TrainLoss=0.3061 ValLoss=0.2776 ValAcc=0.9560

--- Evaluation: OptimizedModule ---
Test Accuracy: 0.9060
Test RMSE: 0.3066
Test MAE: 0.0940
✅ Model compiled for maximum speed
Initialized/Resized FFTLayer frequency weights to size: 129
Epoch 10: TrainLoss=0.4872 ValLoss=0.6715 ValAcc=0.5760
Epoch 20: TrainLoss=0.4273 ValLoss=0.5977 ValAcc=0.7920
Epoch 30: TrainLoss=0.3842 ValLoss=0.4875 ValAcc=0.8280
Epoch 40: TrainLoss=0.3515 ValLoss=0.3901 ValAcc=0.8560
Epoch 50: TrainLoss=0.3188 ValLoss=0.3415 ValAcc=0.8640
Epoch 60: TrainLoss=0.3016 ValLoss=0.3153 ValAcc=0.8700
Epoch 70: TrainLoss=0.2997 ValLoss=0.2955 ValAcc=0.8820
Epoch 80: TrainLoss=0.2952 ValLoss=0.2837 ValAcc=0.8860
Epoch 90: TrainLoss=0.2821 ValLoss=0.2786 ValAcc=0.8860
Epoch 100: TrainLoss=0.2860 ValLoss=0.2766 ValAcc=0.8860

--- Evaluation: OptimizedModule ---
Test Accuracy: 0.8620
Test RMSE: 0.3715
Test MAE: 0.1380
/home/zoy/Desktop/Pracres/main.py:868: UserWarning: No artists with labels found to put in legend.  Note that artists whose label start with an underscore are ignored when legend() is called with no argument.
  plt.legend()
✅ Saved comparison plot: /home/zoy/Desktop/Pracres/results/20250625_212510/EEG/comparison_metrics/EEG_run1_fold2_comparison_metrics.png
Saved confusion matrix: /home/zoy/Desktop/Pracres/results/20250625_212510/EEG/EEG_SNN_V2_confusion_matrix.png
Saved confusion matrix: /home/zoy/Desktop/Pracres/results/20250625_212510/EEG/EEG_FENS_MLP_V4_confusion_matrix.png
Saved confusion matrix: /home/zoy/Desktop/Pracres/results/20250625_212510/EEG/EEG_SCOFNA_Conv_V4_confusion_matrix.png
top/Pracres/results/20250625_212510/EEG/EEG_SCOFNA_Conv_V4_confusion_matrix.png
